<?xml version="1.0"?>
<col:collection xmlns="http://cnx.rice.edu/collxml" xmlns:col="http://cnx.rice.edu/collxml" xml:lang="en" authors="Ed Woodward">
  <metadata xmlns:md="http://cnx.rice.edu/mdml" mdml-version="0.5">
    <md:content-id>col11437</md:content-id>
    <md:title>Test 12-16</md:title>
    <md:license url="http://creativecommons.org/licenses/by/4.0/">Creative Commons Attribution License 4.0</md:license>
    <md:language>en</md:language>
    <md:uuid>96b1b0f3-069e-410c-9817-a6907ad65f69</md:uuid>
    <md:slug>test-12-16</md:slug>
  </metadata>
  <col:content>
    <col:module document="m48231"/>
  </col:content>
</col:collection>
